<?xml version="1.0" encoding="UTF-8"?>
<!-- Generated by org.testng.reporters.JUnitReportReporter -->
<testsuite skipped="0" hostname="LAPTOP-5DN4VF2K" name="com.bank.testsuite.BankPageTest" tests="5" failures="0" timestamp="2022-12-12T22:01:17 GMT" time="36.983" errors="0">
  <testcase name="bankManagerShouldOpenAccountSuccessfully" time="6.351" classname="com.bank.testsuite.BankPageTest"/>
  <system-out>
    <![CDATA[clickOnBankManagerLoginTab[[ChromeDriver: chrome on WINDOWS (a93b1094503bd7c84169dea3ae90263a)] -> xpath: //button[contains(text(),'Bank Manager Login')]]
clickOnOpenAccountTab[[ChromeDriver: chrome on WINDOWS (a93b1094503bd7c84169dea3ae90263a)] -> xpath: //button[contains(text(),'Open Account')]]
selectCustomerCreatedInFirstTest[[ChromeDriver: chrome on WINDOWS (a93b1094503bd7c84169dea3ae90263a)] -> name: userSelect]
selectCurrency[[ChromeDriver: chrome on WINDOWS (a93b1094503bd7c84169dea3ae90263a)] -> id: currency]
clickOnProcessButton[[ChromeDriver: chrome on WINDOWS (a93b1094503bd7c84169dea3ae90263a)] -> xpath: //button[contains(text(),'Process')]]
popUpDisplay
verifyAndGetAlertText
clickOnOkButtonOnPopup]]>
  </system-out>
  <testcase name="customerShouldLoginAndLogoutSuccessfully" time="5.135" classname="com.bank.testsuite.BankPageTest"/>
  <system-out>
    <![CDATA[clickOnCustomerLoginTab[[ChromeDriver: chrome on WINDOWS (2019295eaa18c983b2d27de1ce0078c4)] -> xpath: //button[contains(text(),'Customer Login')]]
selectCustomerYouCreated[[ChromeDriver: chrome on WINDOWS (2019295eaa18c983b2d27de1ce0078c4)] -> xpath: //select[@id='userSelect']]
clickOnLoginButton[[ChromeDriver: chrome on WINDOWS (2019295eaa18c983b2d27de1ce0078c4)] -> xpath: //button[contains(text(),'Login')]]
clickOnLogoutButton[[ChromeDriver: chrome on WINDOWS (2019295eaa18c983b2d27de1ce0078c4)] -> xpath: //button[@class='btn logout']]
verifyYourNameTextDisplayed[[ChromeDriver: chrome on WINDOWS (2019295eaa18c983b2d27de1ce0078c4)] -> xpath: //label[contains(text(),'Your Name :')]]]]>
  </system-out>
  <testcase name="bankManagerShouldAddCustomerSuccessfully" time="9.937" classname="com.bank.testsuite.BankPageTest"/>
  <system-out>
    <![CDATA[clickOnBankManagerLoginTab[[ChromeDriver: chrome on WINDOWS (6e68cfabc53255cc0cd536ac7c70c441)] -> xpath: //button[contains(text(),'Bank Manager Login')]]
clickOnAddCustomerTab[[ChromeDriver: chrome on WINDOWS (6e68cfabc53255cc0cd536ac7c70c441)] -> xpath: //button[contains(text(),'Add Customer')]]
enterTextInFirstNameField[[ChromeDriver: chrome on WINDOWS (6e68cfabc53255cc0cd536ac7c70c441)] -> xpath: //input[@placeholder='First Name']]
enterTextInLastNameField[[ChromeDriver: chrome on WINDOWS (6e68cfabc53255cc0cd536ac7c70c441)] -> xpath: //input[@placeholder='Last Name']]
enterTextInPostcodeField[[ChromeDriver: chrome on WINDOWS (6e68cfabc53255cc0cd536ac7c70c441)] -> xpath: //input[@placeholder='Post Code']]
clickOnAddCustomerButton[[ChromeDriver: chrome on WINDOWS (6e68cfabc53255cc0cd536ac7c70c441)] -> xpath: //button[@type='submit' and contains(text(),'Add Customer')]]
popUpDisplay
verifyAlertText
clickOnOkButtonOnPopup]]>
  </system-out>
  <testcase name="customerShouldDepositMoneySuccessfully" time="5.295" classname="com.bank.testsuite.BankPageTest"/>
  <system-out>
    <![CDATA[clickOnCustomerLoginTab[[ChromeDriver: chrome on WINDOWS (a2ad43abcbd03a31dd32d8d40edb9ef5)] -> xpath: //button[contains(text(),'Customer Login')]]
selectCustomerYouCreated[[ChromeDriver: chrome on WINDOWS (a2ad43abcbd03a31dd32d8d40edb9ef5)] -> xpath: //select[@id='userSelect']]
clickOnLoginButton[[ChromeDriver: chrome on WINDOWS (a2ad43abcbd03a31dd32d8d40edb9ef5)] -> xpath: //button[contains(text(),'Login')]]
clickOnDepositButton[[ChromeDriver: chrome on WINDOWS (a2ad43abcbd03a31dd32d8d40edb9ef5)] -> xpath: //button[contains(text(),'Deposit')]]
enterAmount1000toAmountField[[ChromeDriver: chrome on WINDOWS (a2ad43abcbd03a31dd32d8d40edb9ef5)] -> xpath: //input[@placeholder='amount']]
click On DepositButton2[[ChromeDriver: chrome on WINDOWS (a2ad43abcbd03a31dd32d8d40edb9ef5)] -> xpath: //div[1]/form[1]/button[1]]
verifyDepositSuccessfulText[[ChromeDriver: chrome on WINDOWS (a2ad43abcbd03a31dd32d8d40edb9ef5)] -> xpath: //span[contains(text(),'Deposit Successful')]]]]>
  </system-out>
  <testcase name="customerShouldWithdrawMoneySuccessfully" time="10.265" classname="com.bank.testsuite.BankPageTest"/>
  <system-out>
    <![CDATA[clickOnCustomerLoginTab[[ChromeDriver: chrome on WINDOWS (0e53f245f4013a95c09f4c918ea358ec)] -> xpath: //button[contains(text(),'Customer Login')]]
selectCustomerYouCreated[[ChromeDriver: chrome on WINDOWS (0e53f245f4013a95c09f4c918ea358ec)] -> xpath: //select[@id='userSelect']]
clickOnLoginButton[[ChromeDriver: chrome on WINDOWS (0e53f245f4013a95c09f4c918ea358ec)] -> xpath: //button[contains(text(),'Login')]]
clickOnDepositButton[[ChromeDriver: chrome on WINDOWS (0e53f245f4013a95c09f4c918ea358ec)] -> xpath: //button[contains(text(),'Deposit')]]
enterAmount1000toAmountField[[ChromeDriver: chrome on WINDOWS (0e53f245f4013a95c09f4c918ea358ec)] -> xpath: //input[@placeholder='amount']]
click On DepositButton2[[ChromeDriver: chrome on WINDOWS (0e53f245f4013a95c09f4c918ea358ec)] -> xpath: //div[1]/form[1]/button[1]]
clickOnWithDrawlButton[[ChromeDriver: chrome on WINDOWS (0e53f245f4013a95c09f4c918ea358ec)] -> xpath: //button[contains(text(),'Withdrawl')]]
enterAmount50toAmountField[[ChromeDriver: chrome on WINDOWS (0e53f245f4013a95c09f4c918ea358ec)] -> xpath: //input[@type='number']]
clickOnWithDrawButton[[ChromeDriver: chrome on WINDOWS (0e53f245f4013a95c09f4c918ea358ec)] -> xpath: //button[contains(text(),'Withdraw')and@type='submit']]
verifyTransactionSuccessfulText[[ChromeDriver: chrome on WINDOWS (0e53f245f4013a95c09f4c918ea358ec)] -> xpath: //span[contains(text(),'Transaction successful')]]]]>
  </system-out>
</testsuite> <!-- com.bank.testsuite.BankPageTest -->
